<?xml version="1.0" encoding="UTF-8"?>
<!-- Generated by org.testng.reporters.JUnitXMLReporter -->
<testsuite hostname="LAPTOP-RJ0I0BI6" ignored="0" name="Test" tests="4" failures="0" timestamp="27 Apr 2018 04:02:57 GMT" time="94.479" errors="0">
  <testcase name="signup1" time="4.411" classname="com.test.AutomationPracticeMaven.setup"/>
  <testcase name="dressselection1" time="13.652" classname="com.test.AutomationPracticeMaven.setup"/>
  <testcase name="shipmentprocess1" time="22.709" classname="com.test.AutomationPracticeMaven.setup"/>
  <testcase name="shippingproduct1" time="12.326" classname="com.test.AutomationPracticeMaven.setup"/>
</testsuite> <!-- Test -->
