<?xml version="1.0" encoding="UTF-8"?>
<testng-results skipped="0" failed="0" ignored="0" total="4" passed="4">
  <reporter-output>
  </reporter-output>
  <suite name="Default suite" duration-ms="94999" started-at="2018-05-14T03:46:21Z" finished-at="2018-05-14T03:47:56Z">
    <groups>
    </groups>
    <test name="Default test" duration-ms="94999" started-at="2018-05-14T03:46:21Z" finished-at="2018-05-14T03:47:56Z">
      <class name="com.test.AutomationPracticeMaven.setup">
        <test-method status="PASS" signature="APsetup()[pri:0, instance:com.test.AutomationPracticeMaven.setup@4f7d0008]" name="APsetup" is-config="true" duration-ms="42810" started-at="2018-05-14T09:16:21Z" finished-at="2018-05-14T09:17:04Z">
          <reporter-output>
          </reporter-output>
        </test-method> <!-- APsetup -->
        <test-method status="PASS" signature="signup1()[pri:0, instance:com.test.AutomationPracticeMaven.setup@4f7d0008]" name="signup1" duration-ms="3904" started-at="2018-05-14T09:17:04Z" finished-at="2018-05-14T09:17:08Z">
          <reporter-output>
          </reporter-output>
        </test-method> <!-- signup1 -->
        <test-method status="PASS" signature="dressselection1()[pri:0, instance:com.test.AutomationPracticeMaven.setup@4f7d0008]" name="dressselection1" duration-ms="12277" started-at="2018-05-14T09:17:08Z" depends-on-methods="com.test.AutomationPracticeMaven.setup.signup1" finished-at="2018-05-14T09:17:20Z">
          <reporter-output>
          </reporter-output>
        </test-method> <!-- dressselection1 -->
        <test-method status="PASS" signature="shipmentprocess1()[pri:2, instance:com.test.AutomationPracticeMaven.setup@4f7d0008]" name="shipmentprocess1" duration-ms="20853" started-at="2018-05-14T09:17:20Z" finished-at="2018-05-14T09:17:41Z">
          <reporter-output>
          </reporter-output>
        </test-method> <!-- shipmentprocess1 -->
        <test-method status="PASS" signature="shippingproduct1()[pri:3, instance:com.test.AutomationPracticeMaven.setup@4f7d0008]" name="shippingproduct1" duration-ms="11355" started-at="2018-05-14T09:17:41Z" finished-at="2018-05-14T09:17:52Z">
          <reporter-output>
          </reporter-output>
        </test-method> <!-- shippingproduct1 -->
        <test-method status="PASS" signature="teardown()[pri:0, instance:com.test.AutomationPracticeMaven.setup@4f7d0008]" name="teardown" is-config="true" duration-ms="3619" started-at="2018-05-14T09:17:52Z" finished-at="2018-05-14T09:17:56Z">
          <reporter-output>
          </reporter-output>
        </test-method> <!-- teardown -->
      </class> <!-- com.test.AutomationPracticeMaven.setup -->
    </test> <!-- Default test -->
  </suite> <!-- Default suite -->
</testng-results>
